[2021-09-18 16:59:14] production.ERROR: No application encryption key has been specified. {"exception":"[object] (RuntimeException(code: 0): No application encryption key has been specified. at /var/www/html/php/project/vendor/laravel/framework/src/Illuminate/Encryption/EncryptionServiceProvider.php:44)
[stacktrace]
#0 /var/www/html/php/project/vendor/laravel/framework/src/Illuminate/Support/helpers.php(1124): Illuminate\\Encryption\\EncryptionServiceProvider->Illuminate\\Encryption\\{closure}()
#1 /var/www/html/php/project/vendor/laravel/framework/src/Illuminate/Encryption/EncryptionServiceProvider.php(48): tap()
#2 /var/www/html/php/project/vendor/laravel/framework/src/Illuminate/Encryption/EncryptionServiceProvider.php(24): Illuminate\\Encryption\\EncryptionServiceProvider->key()
#3 /var/www/html/php/project/vendor/laravel/framework/src/Illuminate/Container/Container.php(785): Illuminate\\Encryption\\EncryptionServiceProvider->Illuminate\\Encryption\\{closure}()
#4 /var/www/html/php/project/vendor/laravel/framework/src/Illuminate/Container/Container.php(667): Illuminate\\Container\\Container->build()
#5 /var/www/html/php/project/vendor/laravel/framework/src/Illuminate/Container/Container.php(615): Illuminate\\Container\\Container->resolve()
#6 /var/www/html/php/project/vendor/laravel/framework/src/Illuminate/Foundation/Application.php(767): Illuminate\\Container\\Container->make()
#7 /var/www/html/php/project/vendor/laravel/framework/src/Illuminate/Container/Container.php(927): Illuminate\\Foundation\\Application->make()
#8 /var/www/html/php/project/vendor/laravel/framework/src/Illuminate/Container/Container.php(855): Illuminate\\Container\\Container->resolveClass()
#9 /var/www/html/php/project/vendor/laravel/framework/src/Illuminate/Container/Container.php(816): Illuminate\\Container\\Container->resolveDependencies()
#10 /var/www/html/php/project/vendor/laravel/framework/src/Illuminate/Container/Container.php(667): Illuminate\\Container\\Container->build()
#11 /var/www/html/php/project/vendor/laravel/framework/src/Illuminate/Container/Container.php(615): Illuminate\\Container\\Container->resolve()
#12 /var/www/html/php/project/vendor/laravel/framework/src/Illuminate/Foundation/Application.php(767): Illuminate\\Container\\Container->make()
#13 /var/www/html/php/project/vendor/laravel/framework/src/Illuminate/Pipeline/Pipeline.php(152): Illuminate\\Foundation\\Application->make()
#14 /var/www/html/php/project/vendor/laravel/framework/src/Illuminate/Routing/Pipeline.php(53): Illuminate\\Pipeline\\Pipeline->Illuminate\\Pipeline\\{closure}()
#15 /var/www/html/php/project/vendor/laravel/framework/src/Illuminate/Pipeline/Pipeline.php(104): Illuminate\\Routing\\Pipeline->Illuminate\\Routing\\{closure}()
#16 /var/www/html/php/project/vendor/laravel/framework/src/Illuminate/Routing/Router.php(682): Illuminate\\Pipeline\\Pipeline->then()
#17 /var/www/html/php/project/vendor/laravel/framework/src/Illuminate/Routing/Router.php(657): Illuminate\\Routing\\Router->runRouteWithinStack()
#18 /var/www/html/php/project/vendor/laravel/framework/src/Illuminate/Routing/Router.php(623): Illuminate\\Routing\\Router->runRoute()
#19 /var/www/html/php/project/vendor/laravel/framework/src/Illuminate/Routing/Router.php(612): Illuminate\\Routing\\Router->dispatchToRoute()
#20 /var/www/html/php/project/vendor/laravel/framework/src/Illuminate/Foundation/Http/Kernel.php(176): Illuminate\\Routing\\Router->dispatch()
#21 /var/www/html/php/project/vendor/laravel/framework/src/Illuminate/Routing/Pipeline.php(30): Illuminate\\Foundation\\Http\\Kernel->Illuminate\\Foundation\\Http\\{closure}()
#22 /var/www/html/php/project/vendor/fideloper/proxy/src/TrustProxies.php(57): Illuminate\\Routing\\Pipeline->Illuminate\\Routing\\{closure}()
#23 /var/www/html/php/project/vendor/laravel/framework/src/Illuminate/Pipeline/Pipeline.php(163): Fideloper\\Proxy\\TrustProxies->handle()
#24 /var/www/html/php/project/vendor/laravel/framework/src/Illuminate/Routing/Pipeline.php(53): Illuminate\\Pipeline\\Pipeline->Illuminate\\Pipeline\\{closure}()
#25 /var/www/html/php/project/vendor/laravel/framework/src/Illuminate/Foundation/Http/Middleware/TransformsRequest.php(21): Illuminate\\Routing\\Pipeline->Illuminate\\Routing\\{closure}()
#26 /var/www/html/php/project/vendor/laravel/framework/src/Illuminate/Pipeline/Pipeline.php(163): Illuminate\\Foundation\\Http\\Middleware\\TransformsRequest->handle()
#27 /var/www/html/php/project/vendor/laravel/framework/src/Illuminate/Routing/Pipeline.php(53): Illuminate\\Pipeline\\Pipeline->Illuminate\\Pipeline\\{closure}()
#28 /var/www/html/php/project/vendor/laravel/framework/src/Illuminate/Foundation/Http/Middleware/TransformsRequest.php(21): Illuminate\\Routing\\Pipeline->Illuminate\\Routing\\{closure}()
#29 /var/www/html/php/project/vendor/laravel/framework/src/Illuminate/Pipeline/Pipeline.php(163): Illuminate\\Foundation\\Http\\Middleware\\TransformsRequest->handle()
#30 /var/www/html/php/project/vendor/laravel/framework/src/Illuminate/Routing/Pipeline.php(53): Illuminate\\Pipeline\\Pipeline->Illuminate\\Pipeline\\{closure}()
#31 /var/www/html/php/project/vendor/laravel/framework/src/Illuminate/Foundation/Http/Middleware/ValidatePostSize.php(27): Illuminate\\Routing\\Pipeline->Illuminate\\Routing\\{closure}()
#32 /var/www/html/php/project/vendor/laravel/framework/src/Illuminate/Pipeline/Pipeline.php(163): Illuminate\\Foundation\\Http\\Middleware\\ValidatePostSize->handle()
#33 /var/www/html/php/project/vendor/laravel/framework/src/Illuminate/Routing/Pipeline.php(53): Illuminate\\Pipeline\\Pipeline->Illuminate\\Pipeline\\{closure}()
#34 /var/www/html/php/project/vendor/laravel/framework/src/Illuminate/Foundation/Http/Middleware/CheckForMaintenanceMode.php(62): Illuminate\\Routing\\Pipeline->Illuminate\\Routing\\{closure}()
#35 /var/www/html/php/project/vendor/laravel/framework/src/Illuminate/Pipeline/Pipeline.php(163): Illuminate\\Foundation\\Http\\Middleware\\CheckForMaintenanceMode->handle()
#36 /var/www/html/php/project/vendor/laravel/framework/src/Illuminate/Routing/Pipeline.php(53): Illuminate\\Pipeline\\Pipeline->Illuminate\\Pipeline\\{closure}()
#37 /var/www/html/php/project/vendor/laravel/framework/src/Illuminate/Pipeline/Pipeline.php(104): Illuminate\\Routing\\Pipeline->Illuminate\\Routing\\{closure}()
#38 /var/www/html/php/project/vendor/laravel/framework/src/Illuminate/Foundation/Http/Kernel.php(151): Illuminate\\Pipeline\\Pipeline->then()
#39 /var/www/html/php/project/vendor/laravel/framework/src/Illuminate/Foundation/Http/Kernel.php(116): Illuminate\\Foundation\\Http\\Kernel->sendRequestThroughRouter()
#40 /var/www/html/php/project/public/index.php(55): Illuminate\\Foundation\\Http\\Kernel->handle()
#41 {main}
"} 
[2021-09-18 16:59:14] production.ERROR: Please provide a valid cache path. {"exception":"[object] (InvalidArgumentException(code: 0): Please provide a valid cache path. at /var/www/html/php/project/vendor/laravel/framework/src/Illuminate/View/Compilers/Compiler.php:36)
[stacktrace]
#0 /var/www/html/php/project/vendor/laravel/framework/src/Illuminate/View/ViewServiceProvider.php(141): Illuminate\\View\\Compilers\\Compiler->__construct()
#1 /var/www/html/php/project/vendor/laravel/framework/src/Illuminate/Container/Container.php(785): Illuminate\\View\\ViewServiceProvider->Illuminate\\View\\{closure}()
#2 /var/www/html/php/project/vendor/laravel/framework/src/Illuminate/Container/Container.php(667): Illuminate\\Container\\Container->build()
#3 /var/www/html/php/project/vendor/laravel/framework/src/Illuminate/Container/Container.php(615): Illuminate\\Container\\Container->resolve()
#4 /var/www/html/php/project/vendor/laravel/framework/src/Illuminate/Foundation/Application.php(767): Illuminate\\Container\\Container->make()
#5 /var/www/html/php/project/vendor/laravel/framework/src/Illuminate/Container/Container.php(1227): Illuminate\\Foundation\\Application->make()
#6 /var/www/html/php/project/vendor/laravel/framework/src/Illuminate/View/ViewServiceProvider.php(146): Illuminate\\Container\\Container->offsetGet()
#7 [internal function]: Illuminate\\View\\ViewServiceProvider->Illuminate\\View\\{closure}()
#8 /var/www/html/php/project/vendor/laravel/framework/src/Illuminate/View/Engines/EngineResolver.php(55): call_user_func()
#9 /var/www/html/php/project/vendor/laravel/framework/src/Illuminate/View/Factory.php(289): Illuminate\\View\\Engines\\EngineResolver->resolve()
#10 /var/www/html/php/project/vendor/laravel/framework/src/Illuminate/View/Factory.php(253): Illuminate\\View\\Factory->getEngineFromPath()
#11 /var/www/html/php/project/vendor/laravel/framework/src/Illuminate/View/Factory.php(139): Illuminate\\View\\Factory->viewInstance()
#12 /var/www/html/php/project/vendor/laravel/framework/src/Illuminate/Routing/ResponseFactory.php(81): Illuminate\\View\\Factory->make()
#13 /var/www/html/php/project/vendor/laravel/framework/src/Illuminate/Foundation/Exceptions/Handler.php(390): Illuminate\\Routing\\ResponseFactory->view()
#14 /var/www/html/php/project/vendor/laravel/framework/src/Illuminate/Foundation/Exceptions/Handler.php(295): Illuminate\\Foundation\\Exceptions\\Handler->renderHttpException()
#15 /var/www/html/php/project/vendor/laravel/framework/src/Illuminate/Foundation/Exceptions/Handler.php(192): Illuminate\\Foundation\\Exceptions\\Handler->prepareResponse()
#16 /var/www/html/php/project/app/Exceptions/Handler.php(49): Illuminate\\Foundation\\Exceptions\\Handler->render()
#17 /var/www/html/php/project/vendor/laravel/framework/src/Illuminate/Routing/Pipeline.php(83): App\\Exceptions\\Handler->render()
#18 /var/www/html/php/project/vendor/laravel/framework/src/Illuminate/Routing/Pipeline.php(55): Illuminate\\Routing\\Pipeline->handleException()
#19 /var/www/html/php/project/vendor/laravel/framework/src/Illuminate/Pipeline/Pipeline.php(104): Illuminate\\Routing\\Pipeline->Illuminate\\Routing\\{closure}()
#20 /var/www/html/php/project/vendor/laravel/framework/src/Illuminate/Routing/Router.php(682): Illuminate\\Pipeline\\Pipeline->then()
#21 /var/www/html/php/project/vendor/laravel/framework/src/Illuminate/Routing/Router.php(657): Illuminate\\Routing\\Router->runRouteWithinStack()
#22 /var/www/html/php/project/vendor/laravel/framework/src/Illuminate/Routing/Router.php(623): Illuminate\\Routing\\Router->runRoute()
#23 /var/www/html/php/project/vendor/laravel/framework/src/Illuminate/Routing/Router.php(612): Illuminate\\Routing\\Router->dispatchToRoute()
#24 /var/www/html/php/project/vendor/laravel/framework/src/Illuminate/Foundation/Http/Kernel.php(176): Illuminate\\Routing\\Router->dispatch()
#25 /var/www/html/php/project/vendor/laravel/framework/src/Illuminate/Routing/Pipeline.php(30): Illuminate\\Foundation\\Http\\Kernel->Illuminate\\Foundation\\Http\\{closure}()
#26 /var/www/html/php/project/vendor/fideloper/proxy/src/TrustProxies.php(57): Illuminate\\Routing\\Pipeline->Illuminate\\Routing\\{closure}()
#27 /var/www/html/php/project/vendor/laravel/framework/src/Illuminate/Pipeline/Pipeline.php(163): Fideloper\\Proxy\\TrustProxies->handle()
#28 /var/www/html/php/project/vendor/laravel/framework/src/Illuminate/Routing/Pipeline.php(53): Illuminate\\Pipeline\\Pipeline->Illuminate\\Pipeline\\{closure}()
#29 /var/www/html/php/project/vendor/laravel/framework/src/Illuminate/Foundation/Http/Middleware/TransformsRequest.php(21): Illuminate\\Routing\\Pipeline->Illuminate\\Routing\\{closure}()
#30 /var/www/html/php/project/vendor/laravel/framework/src/Illuminate/Pipeline/Pipeline.php(163): Illuminate\\Foundation\\Http\\Middleware\\TransformsRequest->handle()
#31 /var/www/html/php/project/vendor/laravel/framework/src/Illuminate/Routing/Pipeline.php(53): Illuminate\\Pipeline\\Pipeline->Illuminate\\Pipeline\\{closure}()
#32 /var/www/html/php/project/vendor/laravel/framework/src/Illuminate/Foundation/Http/Middleware/TransformsRequest.php(21): Illuminate\\Routing\\Pipeline->Illuminate\\Routing\\{closure}()
#33 /var/www/html/php/project/vendor/laravel/framework/src/Illuminate/Pipeline/Pipeline.php(163): Illuminate\\Foundation\\Http\\Middleware\\TransformsRequest->handle()
#34 /var/www/html/php/project/vendor/laravel/framework/src/Illuminate/Routing/Pipeline.php(53): Illuminate\\Pipeline\\Pipeline->Illuminate\\Pipeline\\{closure}()
#35 /var/www/html/php/project/vendor/laravel/framework/src/Illuminate/Foundation/Http/Middleware/ValidatePostSize.php(27): Illuminate\\Routing\\Pipeline->Illuminate\\Routing\\{closure}()
#36 /var/www/html/php/project/vendor/laravel/framework/src/Illuminate/Pipeline/Pipeline.php(163): Illuminate\\Foundation\\Http\\Middleware\\ValidatePostSize->handle()
#37 /var/www/html/php/project/vendor/laravel/framework/src/Illuminate/Routing/Pipeline.php(53): Illuminate\\Pipeline\\Pipeline->Illuminate\\Pipeline\\{closure}()
#38 /var/www/html/php/project/vendor/laravel/framework/src/Illuminate/Foundation/Http/Middleware/CheckForMaintenanceMode.php(62): Illuminate\\Routing\\Pipeline->Illuminate\\Routing\\{closure}()
#39 /var/www/html/php/project/vendor/laravel/framework/src/Illuminate/Pipeline/Pipeline.php(163): Illuminate\\Foundation\\Http\\Middleware\\CheckForMaintenanceMode->handle()
#40 /var/www/html/php/project/vendor/laravel/framework/src/Illuminate/Routing/Pipeline.php(53): Illuminate\\Pipeline\\Pipeline->Illuminate\\Pipeline\\{closure}()
#41 /var/www/html/php/project/vendor/laravel/framework/src/Illuminate/Pipeline/Pipeline.php(104): Illuminate\\Routing\\Pipeline->Illuminate\\Routing\\{closure}()
#42 /var/www/html/php/project/vendor/laravel/framework/src/Illuminate/Foundation/Http/Kernel.php(151): Illuminate\\Pipeline\\Pipeline->then()
#43 /var/www/html/php/project/vendor/laravel/framework/src/Illuminate/Foundation/Http/Kernel.php(116): Illuminate\\Foundation\\Http\\Kernel->sendRequestThroughRouter()
#44 /var/www/html/php/project/public/index.php(55): Illuminate\\Foundation\\Http\\Kernel->handle()
#45 {main}
"} 
[2021-09-18 16:59:14] production.ERROR: Please provide a valid cache path. {"exception":"[object] (InvalidArgumentException(code: 0): Please provide a valid cache path. at /var/www/html/php/project/vendor/laravel/framework/src/Illuminate/View/Compilers/Compiler.php:36)
[stacktrace]
#0 /var/www/html/php/project/vendor/laravel/framework/src/Illuminate/View/ViewServiceProvider.php(141): Illuminate\\View\\Compilers\\Compiler->__construct()
#1 /var/www/html/php/project/vendor/laravel/framework/src/Illuminate/Container/Container.php(785): Illuminate\\View\\ViewServiceProvider->Illuminate\\View\\{closure}()
#2 /var/www/html/php/project/vendor/laravel/framework/src/Illuminate/Container/Container.php(667): Illuminate\\Container\\Container->build()
#3 /var/www/html/php/project/vendor/laravel/framework/src/Illuminate/Container/Container.php(615): Illuminate\\Container\\Container->resolve()
#4 /var/www/html/php/project/vendor/laravel/framework/src/Illuminate/Foundation/Application.php(767): Illuminate\\Container\\Container->make()
#5 /var/www/html/php/project/vendor/laravel/framework/src/Illuminate/Container/Container.php(1227): Illuminate\\Foundation\\Application->make()
#6 /var/www/html/php/project/vendor/laravel/framework/src/Illuminate/View/ViewServiceProvider.php(146): Illuminate\\Container\\Container->offsetGet()
#7 [internal function]: Illuminate\\View\\ViewServiceProvider->Illuminate\\View\\{closure}()
#8 /var/www/html/php/project/vendor/laravel/framework/src/Illuminate/View/Engines/EngineResolver.php(55): call_user_func()
#9 /var/www/html/php/project/vendor/laravel/framework/src/Illuminate/View/Factory.php(289): Illuminate\\View\\Engines\\EngineResolver->resolve()
#10 /var/www/html/php/project/vendor/laravel/framework/src/Illuminate/View/Factory.php(253): Illuminate\\View\\Factory->getEngineFromPath()
#11 /var/www/html/php/project/vendor/laravel/framework/src/Illuminate/View/Factory.php(139): Illuminate\\View\\Factory->viewInstance()
#12 /var/www/html/php/project/vendor/laravel/framework/src/Illuminate/Routing/ResponseFactory.php(81): Illuminate\\View\\Factory->make()
#13 /var/www/html/php/project/vendor/laravel/framework/src/Illuminate/Foundation/Exceptions/Handler.php(390): Illuminate\\Routing\\ResponseFactory->view()
#14 /var/www/html/php/project/vendor/laravel/framework/src/Illuminate/Foundation/Exceptions/Handler.php(295): Illuminate\\Foundation\\Exceptions\\Handler->renderHttpException()
#15 /var/www/html/php/project/vendor/laravel/framework/src/Illuminate/Foundation/Exceptions/Handler.php(192): Illuminate\\Foundation\\Exceptions\\Handler->prepareResponse()
#16 /var/www/html/php/project/app/Exceptions/Handler.php(49): Illuminate\\Foundation\\Exceptions\\Handler->render()
#17 /var/www/html/php/project/vendor/laravel/framework/src/Illuminate/Routing/Pipeline.php(83): App\\Exceptions\\Handler->render()
#18 /var/www/html/php/project/vendor/laravel/framework/src/Illuminate/Routing/Pipeline.php(32): Illuminate\\Routing\\Pipeline->handleException()
#19 /var/www/html/php/project/vendor/fideloper/proxy/src/TrustProxies.php(57): Illuminate\\Routing\\Pipeline->Illuminate\\Routing\\{closure}()
#20 /var/www/html/php/project/vendor/laravel/framework/src/Illuminate/Pipeline/Pipeline.php(163): Fideloper\\Proxy\\TrustProxies->handle()
#21 /var/www/html/php/project/vendor/laravel/framework/src/Illuminate/Routing/Pipeline.php(53): Illuminate\\Pipeline\\Pipeline->Illuminate\\Pipeline\\{closure}()
#22 /var/www/html/php/project/vendor/laravel/framework/src/Illuminate/Foundation/Http/Middleware/TransformsRequest.php(21): Illuminate\\Routing\\Pipeline->Illuminate\\Routing\\{closure}()
#23 /var/www/html/php/project/vendor/laravel/framework/src/Illuminate/Pipeline/Pipeline.php(163): Illuminate\\Foundation\\Http\\Middleware\\TransformsRequest->handle()
#24 /var/www/html/php/project/vendor/laravel/framework/src/Illuminate/Routing/Pipeline.php(53): Illuminate\\Pipeline\\Pipeline->Illuminate\\Pipeline\\{closure}()
#25 /var/www/html/php/project/vendor/laravel/framework/src/Illuminate/Foundation/Http/Middleware/TransformsRequest.php(21): Illuminate\\Routing\\Pipeline->Illuminate\\Routing\\{closure}()
#26 /var/www/html/php/project/vendor/laravel/framework/src/Illuminate/Pipeline/Pipeline.php(163): Illuminate\\Foundation\\Http\\Middleware\\TransformsRequest->handle()
#27 /var/www/html/php/project/vendor/laravel/framework/src/Illuminate/Routing/Pipeline.php(53): Illuminate\\Pipeline\\Pipeline->Illuminate\\Pipeline\\{closure}()
#28 /var/www/html/php/project/vendor/laravel/framework/src/Illuminate/Foundation/Http/Middleware/ValidatePostSize.php(27): Illuminate\\Routing\\Pipeline->Illuminate\\Routing\\{closure}()
#29 /var/www/html/php/project/vendor/laravel/framework/src/Illuminate/Pipeline/Pipeline.php(163): Illuminate\\Foundation\\Http\\Middleware\\ValidatePostSize->handle()
#30 /var/www/html/php/project/vendor/laravel/framework/src/Illuminate/Routing/Pipeline.php(53): Illuminate\\Pipeline\\Pipeline->Illuminate\\Pipeline\\{closure}()
#31 /var/www/html/php/project/vendor/laravel/framework/src/Illuminate/Foundation/Http/Middleware/CheckForMaintenanceMode.php(62): Illuminate\\Routing\\Pipeline->Illuminate\\Routing\\{closure}()
#32 /var/www/html/php/project/vendor/laravel/framework/src/Illuminate/Pipeline/Pipeline.php(163): Illuminate\\Foundation\\Http\\Middleware\\CheckForMaintenanceMode->handle()
#33 /var/www/html/php/project/vendor/laravel/framework/src/Illuminate/Routing/Pipeline.php(53): Illuminate\\Pipeline\\Pipeline->Illuminate\\Pipeline\\{closure}()
#34 /var/www/html/php/project/vendor/laravel/framework/src/Illuminate/Pipeline/Pipeline.php(104): Illuminate\\Routing\\Pipeline->Illuminate\\Routing\\{closure}()
#35 /var/www/html/php/project/vendor/laravel/framework/src/Illuminate/Foundation/Http/Kernel.php(151): Illuminate\\Pipeline\\Pipeline->then()
#36 /var/www/html/php/project/vendor/laravel/framework/src/Illuminate/Foundation/Http/Kernel.php(116): Illuminate\\Foundation\\Http\\Kernel->sendRequestThroughRouter()
#37 /var/www/html/php/project/public/index.php(55): Illuminate\\Foundation\\Http\\Kernel->handle()
#38 {main}
"} 
[2021-09-18 16:59:14] production.ERROR: Please provide a valid cache path. {"exception":"[object] (InvalidArgumentException(code: 0): Please provide a valid cache path. at /var/www/html/php/project/vendor/laravel/framework/src/Illuminate/View/Compilers/Compiler.php:36)
[stacktrace]
#0 /var/www/html/php/project/vendor/laravel/framework/src/Illuminate/View/ViewServiceProvider.php(141): Illuminate\\View\\Compilers\\Compiler->__construct()
#1 /var/www/html/php/project/vendor/laravel/framework/src/Illuminate/Container/Container.php(785): Illuminate\\View\\ViewServiceProvider->Illuminate\\View\\{closure}()
#2 /var/www/html/php/project/vendor/laravel/framework/src/Illuminate/Container/Container.php(667): Illuminate\\Container\\Container->build()
#3 /var/www/html/php/project/vendor/laravel/framework/src/Illuminate/Container/Container.php(615): Illuminate\\Container\\Container->resolve()
#4 /var/www/html/php/project/vendor/laravel/framework/src/Illuminate/Foundation/Application.php(767): Illuminate\\Container\\Container->make()
#5 /var/www/html/php/project/vendor/laravel/framework/src/Illuminate/Container/Container.php(1227): Illuminate\\Foundation\\Application->make()
#6 /var/www/html/php/project/vendor/laravel/framework/src/Illuminate/View/ViewServiceProvider.php(146): Illuminate\\Container\\Container->offsetGet()
#7 [internal function]: Illuminate\\View\\ViewServiceProvider->Illuminate\\View\\{closure}()
#8 /var/www/html/php/project/vendor/laravel/framework/src/Illuminate/View/Engines/EngineResolver.php(55): call_user_func()
#9 /var/www/html/php/project/vendor/laravel/framework/src/Illuminate/View/Factory.php(289): Illuminate\\View\\Engines\\EngineResolver->resolve()
#10 /var/www/html/php/project/vendor/laravel/framework/src/Illuminate/View/Factory.php(253): Illuminate\\View\\Factory->getEngineFromPath()
#11 /var/www/html/php/project/vendor/laravel/framework/src/Illuminate/View/Factory.php(139): Illuminate\\View\\Factory->viewInstance()
#12 /var/www/html/php/project/vendor/laravel/framework/src/Illuminate/Routing/ResponseFactory.php(81): Illuminate\\View\\Factory->make()
#13 /var/www/html/php/project/vendor/laravel/framework/src/Illuminate/Foundation/Exceptions/Handler.php(390): Illuminate\\Routing\\ResponseFactory->view()
#14 /var/www/html/php/project/vendor/laravel/framework/src/Illuminate/Foundation/Exceptions/Handler.php(295): Illuminate\\Foundation\\Exceptions\\Handler->renderHttpException()
#15 /var/www/html/php/project/vendor/laravel/framework/src/Illuminate/Foundation/Exceptions/Handler.php(192): Illuminate\\Foundation\\Exceptions\\Handler->prepareResponse()
#16 /var/www/html/php/project/app/Exceptions/Handler.php(49): Illuminate\\Foundation\\Exceptions\\Handler->render()
#17 /var/www/html/php/project/vendor/laravel/framework/src/Illuminate/Routing/Pipeline.php(83): App\\Exceptions\\Handler->render()
#18 /var/www/html/php/project/vendor/laravel/framework/src/Illuminate/Routing/Pipeline.php(55): Illuminate\\Routing\\Pipeline->handleException()
#19 /var/www/html/php/project/vendor/laravel/framework/src/Illuminate/Foundation/Http/Middleware/TransformsRequest.php(21): Illuminate\\Routing\\Pipeline->Illuminate\\Routing\\{closure}()
#20 /var/www/html/php/project/vendor/laravel/framework/src/Illuminate/Pipeline/Pipeline.php(163): Illuminate\\Foundation\\Http\\Middleware\\TransformsRequest->handle()
#21 /var/www/html/php/project/vendor/laravel/framework/src/Illuminate/Routing/Pipeline.php(53): Illuminate\\Pipeline\\Pipeline->Illuminate\\Pipeline\\{closure}()
#22 /var/www/html/php/project/vendor/laravel/framework/src/Illuminate/Foundation/Http/Middleware/TransformsRequest.php(21): Illuminate\\Routing\\Pipeline->Illuminate\\Routing\\{closure}()
#23 /var/www/html/php/project/vendor/laravel/framework/src/Illuminate/Pipeline/Pipeline.php(163): Illuminate\\Foundation\\Http\\Middleware\\TransformsRequest->handle()
#24 /var/www/html/php/project/vendor/laravel/framework/src/Illuminate/Routing/Pipeline.php(53): Illuminate\\Pipeline\\Pipeline->Illuminate\\Pipeline\\{closure}()
#25 /var/www/html/php/project/vendor/laravel/framework/src/Illuminate/Foundation/Http/Middleware/ValidatePostSize.php(27): Illuminate\\Routing\\Pipeline->Illuminate\\Routing\\{closure}()
#26 /var/www/html/php/project/vendor/laravel/framework/src/Illuminate/Pipeline/Pipeline.php(163): Illuminate\\Foundation\\Http\\Middleware\\ValidatePostSize->handle()
#27 /var/www/html/php/project/vendor/laravel/framework/src/Illuminate/Routing/Pipeline.php(53): Illuminate\\Pipeline\\Pipeline->Illuminate\\Pipeline\\{closure}()
#28 /var/www/html/php/project/vendor/laravel/framework/src/Illuminate/Foundation/Http/Middleware/CheckForMaintenanceMode.php(62): Illuminate\\Routing\\Pipeline->Illuminate\\Routing\\{closure}()
#29 /var/www/html/php/project/vendor/laravel/framework/src/Illuminate/Pipeline/Pipeline.php(163): Illuminate\\Foundation\\Http\\Middleware\\CheckForMaintenanceMode->handle()
#30 /var/www/html/php/project/vendor/laravel/framework/src/Illuminate/Routing/Pipeline.php(53): Illuminate\\Pipeline\\Pipeline->Illuminate\\Pipeline\\{closure}()
#31 /var/www/html/php/project/vendor/laravel/framework/src/Illuminate/Pipeline/Pipeline.php(104): Illuminate\\Routing\\Pipeline->Illuminate\\Routing\\{closure}()
#32 /var/www/html/php/project/vendor/laravel/framework/src/Illuminate/Foundation/Http/Kernel.php(151): Illuminate\\Pipeline\\Pipeline->then()
#33 /var/www/html/php/project/vendor/laravel/framework/src/Illuminate/Foundation/Http/Kernel.php(116): Illuminate\\Foundation\\Http\\Kernel->sendRequestThroughRouter()
#34 /var/www/html/php/project/public/index.php(55): Illuminate\\Foundation\\Http\\Kernel->handle()
#35 {main}
"} 
[2021-09-18 16:59:14] production.ERROR: Please provide a valid cache path. {"exception":"[object] (InvalidArgumentException(code: 0): Please provide a valid cache path. at /var/www/html/php/project/vendor/laravel/framework/src/Illuminate/View/Compilers/Compiler.php:36)
[stacktrace]
#0 /var/www/html/php/project/vendor/laravel/framework/src/Illuminate/View/ViewServiceProvider.php(141): Illuminate\\View\\Compilers\\Compiler->__construct()
#1 /var/www/html/php/project/vendor/laravel/framework/src/Illuminate/Container/Container.php(785): Illuminate\\View\\ViewServiceProvider->Illuminate\\View\\{closure}()
#2 /var/www/html/php/project/vendor/laravel/framework/src/Illuminate/Container/Container.php(667): Illuminate\\Container\\Container->build()
#3 /var/www/html/php/project/vendor/laravel/framework/src/Illuminate/Container/Container.php(615): Illuminate\\Container\\Container->resolve()
#4 /var/www/html/php/project/vendor/laravel/framework/src/Illuminate/Foundation/Application.php(767): Illuminate\\Container\\Container->make()
#5 /var/www/html/php/project/vendor/laravel/framework/src/Illuminate/Container/Container.php(1227): Illuminate\\Foundation\\Application->make()
#6 /var/www/html/php/project/vendor/laravel/framework/src/Illuminate/View/ViewServiceProvider.php(146): Illuminate\\Container\\Container->offsetGet()
#7 [internal function]: Illuminate\\View\\ViewServiceProvider->Illuminate\\View\\{closure}()
#8 /var/www/html/php/project/vendor/laravel/framework/src/Illuminate/View/Engines/EngineResolver.php(55): call_user_func()
#9 /var/www/html/php/project/vendor/laravel/framework/src/Illuminate/View/Factory.php(289): Illuminate\\View\\Engines\\EngineResolver->resolve()
#10 /var/www/html/php/project/vendor/laravel/framework/src/Illuminate/View/Factory.php(253): Illuminate\\View\\Factory->getEngineFromPath()
#11 /var/www/html/php/project/vendor/laravel/framework/src/Illuminate/View/Factory.php(139): Illuminate\\View\\Factory->viewInstance()
#12 /var/www/html/php/project/vendor/laravel/framework/src/Illuminate/Routing/ResponseFactory.php(81): Illuminate\\View\\Factory->make()
#13 /var/www/html/php/project/vendor/laravel/framework/src/Illuminate/Foundation/Exceptions/Handler.php(390): Illuminate\\Routing\\ResponseFactory->view()
#14 /var/www/html/php/project/vendor/laravel/framework/src/Illuminate/Foundation/Exceptions/Handler.php(295): Illuminate\\Foundation\\Exceptions\\Handler->renderHttpException()
#15 /var/www/html/php/project/vendor/laravel/framework/src/Illuminate/Foundation/Exceptions/Handler.php(192): Illuminate\\Foundation\\Exceptions\\Handler->prepareResponse()
#16 /var/www/html/php/project/app/Exceptions/Handler.php(49): Illuminate\\Foundation\\Exceptions\\Handler->render()
#17 /var/www/html/php/project/vendor/laravel/framework/src/Illuminate/Routing/Pipeline.php(83): App\\Exceptions\\Handler->render()
#18 /var/www/html/php/project/vendor/laravel/framework/src/Illuminate/Routing/Pipeline.php(55): Illuminate\\Routing\\Pipeline->handleException()
#19 /var/www/html/php/project/vendor/laravel/framework/src/Illuminate/Foundation/Http/Middleware/TransformsRequest.php(21): Illuminate\\Routing\\Pipeline->Illuminate\\Routing\\{closure}()
#20 /var/www/html/php/project/vendor/laravel/framework/src/Illuminate/Pipeline/Pipeline.php(163): Illuminate\\Foundation\\Http\\Middleware\\TransformsRequest->handle()
#21 /var/www/html/php/project/vendor/laravel/framework/src/Illuminate/Routing/Pipeline.php(53): Illuminate\\Pipeline\\Pipeline->Illuminate\\Pipeline\\{closure}()
#22 /var/www/html/php/project/vendor/laravel/framework/src/Illuminate/Foundation/Http/Middleware/ValidatePostSize.php(27): Illuminate\\Routing\\Pipeline->Illuminate\\Routing\\{closure}()
#23 /var/www/html/php/project/vendor/laravel/framework/src/Illuminate/Pipeline/Pipeline.php(163): Illuminate\\Foundation\\Http\\Middleware\\ValidatePostSize->handle()
#24 /var/www/html/php/project/vendor/laravel/framework/src/Illuminate/Routing/Pipeline.php(53): Illuminate\\Pipeline\\Pipeline->Illuminate\\Pipeline\\{closure}()
#25 /var/www/html/php/project/vendor/laravel/framework/src/Illuminate/Foundation/Http/Middleware/CheckForMaintenanceMode.php(62): Illuminate\\Routing\\Pipeline->Illuminate\\Routing\\{closure}()
#26 /var/www/html/php/project/vendor/laravel/framework/src/Illuminate/Pipeline/Pipeline.php(163): Illuminate\\Foundation\\Http\\Middleware\\CheckForMaintenanceMode->handle()
#27 /var/www/html/php/project/vendor/laravel/framework/src/Illuminate/Routing/Pipeline.php(53): Illuminate\\Pipeline\\Pipeline->Illuminate\\Pipeline\\{closure}()
#28 /var/www/html/php/project/vendor/laravel/framework/src/Illuminate/Pipeline/Pipeline.php(104): Illuminate\\Routing\\Pipeline->Illuminate\\Routing\\{closure}()
#29 /var/www/html/php/project/vendor/laravel/framework/src/Illuminate/Foundation/Http/Kernel.php(151): Illuminate\\Pipeline\\Pipeline->then()
#30 /var/www/html/php/project/vendor/laravel/framework/src/Illuminate/Foundation/Http/Kernel.php(116): Illuminate\\Foundation\\Http\\Kernel->sendRequestThroughRouter()
#31 /var/www/html/php/project/public/index.php(55): Illuminate\\Foundation\\Http\\Kernel->handle()
#32 {main}
"} 
[2021-09-18 16:59:14] production.ERROR: Please provide a valid cache path. {"exception":"[object] (InvalidArgumentException(code: 0): Please provide a valid cache path. at /var/www/html/php/project/vendor/laravel/framework/src/Illuminate/View/Compilers/Compiler.php:36)
[stacktrace]
#0 /var/www/html/php/project/vendor/laravel/framework/src/Illuminate/View/ViewServiceProvider.php(141): Illuminate\\View\\Compilers\\Compiler->__construct()
#1 /var/www/html/php/project/vendor/laravel/framework/src/Illuminate/Container/Container.php(785): Illuminate\\View\\ViewServiceProvider->Illuminate\\View\\{closure}()
#2 /var/www/html/php/project/vendor/laravel/framework/src/Illuminate/Container/Container.php(667): Illuminate\\Container\\Container->build()
#3 /var/www/html/php/project/vendor/laravel/framework/src/Illuminate/Container/Container.php(615): Illuminate\\Container\\Container->resolve()
#4 /var/www/html/php/project/vendor/laravel/framework/src/Illuminate/Foundation/Application.php(767): Illuminate\\Container\\Container->make()
#5 /var/www/html/php/project/vendor/laravel/framework/src/Illuminate/Container/Container.php(1227): Illuminate\\Foundation\\Application->make()
#6 /var/www/html/php/project/vendor/laravel/framework/src/Illuminate/View/ViewServiceProvider.php(146): Illuminate\\Container\\Container->offsetGet()
#7 [internal function]: Illuminate\\View\\ViewServiceProvider->Illuminate\\View\\{closure}()
#8 /var/www/html/php/project/vendor/laravel/framework/src/Illuminate/View/Engines/EngineResolver.php(55): call_user_func()
#9 /var/www/html/php/project/vendor/laravel/framework/src/Illuminate/View/Factory.php(289): Illuminate\\View\\Engines\\EngineResolver->resolve()
#10 /var/www/html/php/project/vendor/laravel/framework/src/Illuminate/View/Factory.php(253): Illuminate\\View\\Factory->getEngineFromPath()
#11 /var/www/html/php/project/vendor/laravel/framework/src/Illuminate/View/Factory.php(139): Illuminate\\View\\Factory->viewInstance()
#12 /var/www/html/php/project/vendor/laravel/framework/src/Illuminate/Routing/ResponseFactory.php(81): Illuminate\\View\\Factory->make()
#13 /var/www/html/php/project/vendor/laravel/framework/src/Illuminate/Foundation/Exceptions/Handler.php(390): Illuminate\\Routing\\ResponseFactory->view()
#14 /var/www/html/php/project/vendor/laravel/framework/src/Illuminate/Foundation/Exceptions/Handler.php(295): Illuminate\\Foundation\\Exceptions\\Handler->renderHttpException()
#15 /var/www/html/php/project/vendor/laravel/framework/src/Illuminate/Foundation/Exceptions/Handler.php(192): Illuminate\\Foundation\\Exceptions\\Handler->prepareResponse()
#16 /var/www/html/php/project/app/Exceptions/Handler.php(49): Illuminate\\Foundation\\Exceptions\\Handler->render()
#17 /var/www/html/php/project/vendor/laravel/framework/src/Illuminate/Routing/Pipeline.php(83): App\\Exceptions\\Handler->render()
#18 /var/www/html/php/project/vendor/laravel/framework/src/Illuminate/Routing/Pipeline.php(55): Illuminate\\Routing\\Pipeline->handleException()
#19 /var/www/html/php/project/vendor/laravel/framework/src/Illuminate/Foundation/Http/Middleware/ValidatePostSize.php(27): Illuminate\\Routing\\Pipeline->Illuminate\\Routing\\{closure}()
#20 /var/www/html/php/project/vendor/laravel/framework/src/Illuminate/Pipeline/Pipeline.php(163): Illuminate\\Foundation\\Http\\Middleware\\ValidatePostSize->handle()
#21 /var/www/html/php/project/vendor/laravel/framework/src/Illuminate/Routing/Pipeline.php(53): Illuminate\\Pipeline\\Pipeline->Illuminate\\Pipeline\\{closure}()
#22 /var/www/html/php/project/vendor/laravel/framework/src/Illuminate/Foundation/Http/Middleware/CheckForMaintenanceMode.php(62): Illuminate\\Routing\\Pipeline->Illuminate\\Routing\\{closure}()
#23 /var/www/html/php/project/vendor/laravel/framework/src/Illuminate/Pipeline/Pipeline.php(163): Illuminate\\Foundation\\Http\\Middleware\\CheckForMaintenanceMode->handle()
#24 /var/www/html/php/project/vendor/laravel/framework/src/Illuminate/Routing/Pipeline.php(53): Illuminate\\Pipeline\\Pipeline->Illuminate\\Pipeline\\{closure}()
#25 /var/www/html/php/project/vendor/laravel/framework/src/Illuminate/Pipeline/Pipeline.php(104): Illuminate\\Routing\\Pipeline->Illuminate\\Routing\\{closure}()
#26 /var/www/html/php/project/vendor/laravel/framework/src/Illuminate/Foundation/Http/Kernel.php(151): Illuminate\\Pipeline\\Pipeline->then()
#27 /var/www/html/php/project/vendor/laravel/framework/src/Illuminate/Foundation/Http/Kernel.php(116): Illuminate\\Foundation\\Http\\Kernel->sendRequestThroughRouter()
#28 /var/www/html/php/project/public/index.php(55): Illuminate\\Foundation\\Http\\Kernel->handle()
#29 {main}
"} 
[2021-09-18 16:59:14] production.ERROR: Please provide a valid cache path. {"exception":"[object] (InvalidArgumentException(code: 0): Please provide a valid cache path. at /var/www/html/php/project/vendor/laravel/framework/src/Illuminate/View/Compilers/Compiler.php:36)
[stacktrace]
#0 /var/www/html/php/project/vendor/laravel/framework/src/Illuminate/View/ViewServiceProvider.php(141): Illuminate\\View\\Compilers\\Compiler->__construct()
#1 /var/www/html/php/project/vendor/laravel/framework/src/Illuminate/Container/Container.php(785): Illuminate\\View\\ViewServiceProvider->Illuminate\\View\\{closure}()
#2 /var/www/html/php/project/vendor/laravel/framework/src/Illuminate/Container/Container.php(667): Illuminate\\Container\\Container->build()
#3 /var/www/html/php/project/vendor/laravel/framework/src/Illuminate/Container/Container.php(615): Illuminate\\Container\\Container->resolve()
#4 /var/www/html/php/project/vendor/laravel/framework/src/Illuminate/Foundation/Application.php(767): Illuminate\\Container\\Container->make()
#5 /var/www/html/php/project/vendor/laravel/framework/src/Illuminate/Container/Container.php(1227): Illuminate\\Foundation\\Application->make()
#6 /var/www/html/php/project/vendor/laravel/framework/src/Illuminate/View/ViewServiceProvider.php(146): Illuminate\\Container\\Container->offsetGet()
#7 [internal function]: Illuminate\\View\\ViewServiceProvider->Illuminate\\View\\{closure}()
#8 /var/www/html/php/project/vendor/laravel/framework/src/Illuminate/View/Engines/EngineResolver.php(55): call_user_func()
#9 /var/www/html/php/project/vendor/laravel/framework/src/Illuminate/View/Factory.php(289): Illuminate\\View\\Engines\\EngineResolver->resolve()
#10 /var/www/html/php/project/vendor/laravel/framework/src/Illuminate/View/Factory.php(253): Illuminate\\View\\Factory->getEngineFromPath()
#11 /var/www/html/php/project/vendor/laravel/framework/src/Illuminate/View/Factory.php(139): Illuminate\\View\\Factory->viewInstance()
#12 /var/www/html/php/project/vendor/laravel/framework/src/Illuminate/Routing/ResponseFactory.php(81): Illuminate\\View\\Factory->make()
#13 /var/www/html/php/project/vendor/laravel/framework/src/Illuminate/Foundation/Exceptions/Handler.php(390): Illuminate\\Routing\\ResponseFactory->view()
#14 /var/www/html/php/project/vendor/laravel/framework/src/Illuminate/Foundation/Exceptions/Handler.php(295): Illuminate\\Foundation\\Exceptions\\Handler->renderHttpException()
#15 /var/www/html/php/project/vendor/laravel/framework/src/Illuminate/Foundation/Exceptions/Handler.php(192): Illuminate\\Foundation\\Exceptions\\Handler->prepareResponse()
#16 /var/www/html/php/project/app/Exceptions/Handler.php(49): Illuminate\\Foundation\\Exceptions\\Handler->render()
#17 /var/www/html/php/project/vendor/laravel/framework/src/Illuminate/Routing/Pipeline.php(83): App\\Exceptions\\Handler->render()
#18 /var/www/html/php/project/vendor/laravel/framework/src/Illuminate/Routing/Pipeline.php(55): Illuminate\\Routing\\Pipeline->handleException()
#19 /var/www/html/php/project/vendor/laravel/framework/src/Illuminate/Foundation/Http/Middleware/CheckForMaintenanceMode.php(62): Illuminate\\Routing\\Pipeline->Illuminate\\Routing\\{closure}()
#20 /var/www/html/php/project/vendor/laravel/framework/src/Illuminate/Pipeline/Pipeline.php(163): Illuminate\\Foundation\\Http\\Middleware\\CheckForMaintenanceMode->handle()
#21 /var/www/html/php/project/vendor/laravel/framework/src/Illuminate/Routing/Pipeline.php(53): Illuminate\\Pipeline\\Pipeline->Illuminate\\Pipeline\\{closure}()
#22 /var/www/html/php/project/vendor/laravel/framework/src/Illuminate/Pipeline/Pipeline.php(104): Illuminate\\Routing\\Pipeline->Illuminate\\Routing\\{closure}()
#23 /var/www/html/php/project/vendor/laravel/framework/src/Illuminate/Foundation/Http/Kernel.php(151): Illuminate\\Pipeline\\Pipeline->then()
#24 /var/www/html/php/project/vendor/laravel/framework/src/Illuminate/Foundation/Http/Kernel.php(116): Illuminate\\Foundation\\Http\\Kernel->sendRequestThroughRouter()
#25 /var/www/html/php/project/public/index.php(55): Illuminate\\Foundation\\Http\\Kernel->handle()
#26 {main}
"} 
[2021-09-18 16:59:14] production.ERROR: Please provide a valid cache path. {"exception":"[object] (InvalidArgumentException(code: 0): Please provide a valid cache path. at /var/www/html/php/project/vendor/laravel/framework/src/Illuminate/View/Compilers/Compiler.php:36)
[stacktrace]
#0 /var/www/html/php/project/vendor/laravel/framework/src/Illuminate/View/ViewServiceProvider.php(141): Illuminate\\View\\Compilers\\Compiler->__construct()
#1 /var/www/html/php/project/vendor/laravel/framework/src/Illuminate/Container/Container.php(785): Illuminate\\View\\ViewServiceProvider->Illuminate\\View\\{closure}()
#2 /var/www/html/php/project/vendor/laravel/framework/src/Illuminate/Container/Container.php(667): Illuminate\\Container\\Container->build()
#3 /var/www/html/php/project/vendor/laravel/framework/src/Illuminate/Container/Container.php(615): Illuminate\\Container\\Container->resolve()
#4 /var/www/html/php/project/vendor/laravel/framework/src/Illuminate/Foundation/Application.php(767): Illuminate\\Container\\Container->make()
#5 /var/www/html/php/project/vendor/laravel/framework/src/Illuminate/Container/Container.php(1227): Illuminate\\Foundation\\Application->make()
#6 /var/www/html/php/project/vendor/laravel/framework/src/Illuminate/View/ViewServiceProvider.php(146): Illuminate\\Container\\Container->offsetGet()
#7 [internal function]: Illuminate\\View\\ViewServiceProvider->Illuminate\\View\\{closure}()
#8 /var/www/html/php/project/vendor/laravel/framework/src/Illuminate/View/Engines/EngineResolver.php(55): call_user_func()
#9 /var/www/html/php/project/vendor/laravel/framework/src/Illuminate/View/Factory.php(289): Illuminate\\View\\Engines\\EngineResolver->resolve()
#10 /var/www/html/php/project/vendor/laravel/framework/src/Illuminate/View/Factory.php(253): Illuminate\\View\\Factory->getEngineFromPath()
#11 /var/www/html/php/project/vendor/laravel/framework/src/Illuminate/View/Factory.php(139): Illuminate\\View\\Factory->viewInstance()
#12 /var/www/html/php/project/vendor/laravel/framework/src/Illuminate/Routing/ResponseFactory.php(81): Illuminate\\View\\Factory->make()
#13 /var/www/html/php/project/vendor/laravel/framework/src/Illuminate/Foundation/Exceptions/Handler.php(390): Illuminate\\Routing\\ResponseFactory->view()
#14 /var/www/html/php/project/vendor/laravel/framework/src/Illuminate/Foundation/Exceptions/Handler.php(295): Illuminate\\Foundation\\Exceptions\\Handler->renderHttpException()
#15 /var/www/html/php/project/vendor/laravel/framework/src/Illuminate/Foundation/Exceptions/Handler.php(192): Illuminate\\Foundation\\Exceptions\\Handler->prepareResponse()
#16 /var/www/html/php/project/app/Exceptions/Handler.php(49): Illuminate\\Foundation\\Exceptions\\Handler->render()
#17 /var/www/html/php/project/vendor/laravel/framework/src/Illuminate/Routing/Pipeline.php(83): App\\Exceptions\\Handler->render()
#18 /var/www/html/php/project/vendor/laravel/framework/src/Illuminate/Routing/Pipeline.php(55): Illuminate\\Routing\\Pipeline->handleException()
#19 /var/www/html/php/project/vendor/laravel/framework/src/Illuminate/Pipeline/Pipeline.php(104): Illuminate\\Routing\\Pipeline->Illuminate\\Routing\\{closure}()
#20 /var/www/html/php/project/vendor/laravel/framework/src/Illuminate/Foundation/Http/Kernel.php(151): Illuminate\\Pipeline\\Pipeline->then()
#21 /var/www/html/php/project/vendor/laravel/framework/src/Illuminate/Foundation/Http/Kernel.php(116): Illuminate\\Foundation\\Http\\Kernel->sendRequestThroughRouter()
#22 /var/www/html/php/project/public/index.php(55): Illuminate\\Foundation\\Http\\Kernel->handle()
#23 {main}
"} 
[2021-09-18 16:59:14] production.ERROR: Please provide a valid cache path. {"exception":"[object] (InvalidArgumentException(code: 0): Please provide a valid cache path. at /var/www/html/php/project/vendor/laravel/framework/src/Illuminate/View/Compilers/Compiler.php:36)
[stacktrace]
#0 /var/www/html/php/project/vendor/laravel/framework/src/Illuminate/View/ViewServiceProvider.php(141): Illuminate\\View\\Compilers\\Compiler->__construct()
#1 /var/www/html/php/project/vendor/laravel/framework/src/Illuminate/Container/Container.php(785): Illuminate\\View\\ViewServiceProvider->Illuminate\\View\\{closure}()
#2 /var/www/html/php/project/vendor/laravel/framework/src/Illuminate/Container/Container.php(667): Illuminate\\Container\\Container->build()
#3 /var/www/html/php/project/vendor/laravel/framework/src/Illuminate/Container/Container.php(615): Illuminate\\Container\\Container->resolve()
#4 /var/www/html/php/project/vendor/laravel/framework/src/Illuminate/Foundation/Application.php(767): Illuminate\\Container\\Container->make()
#5 /var/www/html/php/project/vendor/laravel/framework/src/Illuminate/Container/Container.php(1227): Illuminate\\Foundation\\Application->make()
#6 /var/www/html/php/project/vendor/laravel/framework/src/Illuminate/View/ViewServiceProvider.php(146): Illuminate\\Container\\Container->offsetGet()
#7 [internal function]: Illuminate\\View\\ViewServiceProvider->Illuminate\\View\\{closure}()
#8 /var/www/html/php/project/vendor/laravel/framework/src/Illuminate/View/Engines/EngineResolver.php(55): call_user_func()
#9 /var/www/html/php/project/vendor/laravel/framework/src/Illuminate/View/Factory.php(289): Illuminate\\View\\Engines\\EngineResolver->resolve()
#10 /var/www/html/php/project/vendor/laravel/framework/src/Illuminate/View/Factory.php(253): Illuminate\\View\\Factory->getEngineFromPath()
#11 /var/www/html/php/project/vendor/laravel/framework/src/Illuminate/View/Factory.php(139): Illuminate\\View\\Factory->viewInstance()
#12 /var/www/html/php/project/vendor/laravel/framework/src/Illuminate/Routing/ResponseFactory.php(81): Illuminate\\View\\Factory->make()
#13 /var/www/html/php/project/vendor/laravel/framework/src/Illuminate/Foundation/Exceptions/Handler.php(390): Illuminate\\Routing\\ResponseFactory->view()
#14 /var/www/html/php/project/vendor/laravel/framework/src/Illuminate/Foundation/Exceptions/Handler.php(295): Illuminate\\Foundation\\Exceptions\\Handler->renderHttpException()
#15 /var/www/html/php/project/vendor/laravel/framework/src/Illuminate/Foundation/Exceptions/Handler.php(192): Illuminate\\Foundation\\Exceptions\\Handler->prepareResponse()
#16 /var/www/html/php/project/app/Exceptions/Handler.php(49): Illuminate\\Foundation\\Exceptions\\Handler->render()
#17 /var/www/html/php/project/vendor/laravel/framework/src/Illuminate/Foundation/Http/Kernel.php(326): App\\Exceptions\\Handler->render()
#18 /var/www/html/php/project/vendor/laravel/framework/src/Illuminate/Foundation/Http/Kernel.php(120): Illuminate\\Foundation\\Http\\Kernel->renderException()
#19 /var/www/html/php/project/public/index.php(55): Illuminate\\Foundation\\Http\\Kernel->handle()
#20 {main}
"} 
[2021-09-18 16:59:14] production.ERROR: Uncaught InvalidArgumentException: Please provide a valid cache path. in /var/www/html/php/project/vendor/laravel/framework/src/Illuminate/View/Compilers/Compiler.php:36
Stack trace:
#0 /var/www/html/php/project/vendor/laravel/framework/src/Illuminate/View/ViewServiceProvider.php(141): Illuminate\View\Compilers\Compiler->__construct()
#1 /var/www/html/php/project/vendor/laravel/framework/src/Illuminate/Container/Container.php(785): Illuminate\View\ViewServiceProvider->Illuminate\View\{closure}()
#2 /var/www/html/php/project/vendor/laravel/framework/src/Illuminate/Container/Container.php(667): Illuminate\Container\Container->build()
#3 /var/www/html/php/project/vendor/laravel/framework/src/Illuminate/Container/Container.php(615): Illuminate\Container\Container->resolve()
#4 /var/www/html/php/project/vendor/laravel/framework/src/Illuminate/Foundation/Application.php(767): Illuminate\Container\Container->make()
#5 /var/www/html/php/project/vendor/laravel/framework/src/Illuminate/Container/Container.php(1227): Il {"exception":"[object] (Symfony\\Component\\Debug\\Exception\\FatalErrorException(code: 1): Uncaught InvalidArgumentException: Please provide a valid cache path. in /var/www/html/php/project/vendor/laravel/framework/src/Illuminate/View/Compilers/Compiler.php:36
Stack trace:
#0 /var/www/html/php/project/vendor/laravel/framework/src/Illuminate/View/ViewServiceProvider.php(141): Illuminate\\View\\Compilers\\Compiler->__construct()
#1 /var/www/html/php/project/vendor/laravel/framework/src/Illuminate/Container/Container.php(785): Illuminate\\View\\ViewServiceProvider->Illuminate\\View\\{closure}()
#2 /var/www/html/php/project/vendor/laravel/framework/src/Illuminate/Container/Container.php(667): Illuminate\\Container\\Container->build()
#3 /var/www/html/php/project/vendor/laravel/framework/src/Illuminate/Container/Container.php(615): Illuminate\\Container\\Container->resolve()
#4 /var/www/html/php/project/vendor/laravel/framework/src/Illuminate/Foundation/Application.php(767): Illuminate\\Container\\Container->make()
#5 /var/www/html/php/project/vendor/laravel/framework/src/Illuminate/Container/Container.php(1227): Il at /var/www/html/php/project/vendor/laravel/framework/src/Illuminate/View/Compilers/Compiler.php:36)
[stacktrace]
#0 {main}
"} 
